
> signature-bangla-pos-frontend@0.1.0 build
> next build

[baseline-browser-mapping] The data in this module is over two months old.  To ensure accurate Baseline data, please update: `npm i baseline-browser-mapping@latest -D`
   ▲ Next.js 16.0.3 (Turbopack)

 ⚠ The "middleware" file convention is deprecated. Please use "proxy" instead. Learn more: https://nextjs.org/docs/messages/middleware-to-proxy
   Creating an optimized production build ...
[baseline-browser-mapping] The data in this module is over two months old.  To ensure accurate Baseline data, please update: `npm i baseline-browser-mapping@latest -D`
 ✓ Compiled successfully in 11.7s
   Running TypeScript ...
Failed to compile.

./src/components/modules/logistics/DriverList.tsx:180:48
Type error: Type 'boolean' is not assignable to type 'string'.

[0m [90m 178 |[39m                         type[33m:[39m [32m"select"[39m[33m,[39m
 [90m 179 |[39m                         options[33m:[39m [
[31m[1m>[22m[39m[90m 180 |[39m                             { label[33m:[39m [32m"Active"[39m[33m,[39m value[33m:[39m [36mtrue[39m }[33m,[39m
 [90m     |[39m                                                [31m[1m^[22m[39m
 [90m 181 |[39m                             { label[33m:[39m [32m"Inactive"[39m[33m,[39m value[33m:[39m [36mfalse[39m }
 [90m 182 |[39m                         ][33m,[39m
 [90m 183 |[39m                         required[33m:[39m [36mtrue[39m[0m
Next.js build worker exited with code: 1 and signal: null
